<?xml version="1.0" encoding="UTF-8"?>
<testng-results ignored="1" total="2" passed="0" failed="0" skipped="1">
  <reporter-output>
  </reporter-output>
  <suite started-at="2022-10-17T18:29:41 IST" name="Default suite" finished-at="2022-10-17T18:29:41 IST" duration-ms="88">
    <groups>
    </groups>
    <test started-at="2022-10-17T18:29:41 IST" name="Default test" finished-at="2022-10-17T18:29:41 IST" duration-ms="88">
      <class name="GPPTest.VerifyHeaderLinks">
        <test-method is-config="true" signature="openBrowser(java.lang.String)[pri:0, instance:GPPTest.VerifyHeaderLinks@5c30a9b0]" started-at="2022-10-17T18:29:41 IST" name="openBrowser" finished-at="1970-01-01T05:30:00 IST" duration-ms="-1666011581373" status="FAIL">
          <exception class="org.testng.TestNGException">
            <message>
              <![CDATA[
Parameter 'browser' is required by BeforeTest on method openBrowser but has not been marked @Optional or defined
in C:\Users\yadav\AppData\Local\Temp\testng-eclipse-1063517841\testng-customsuite.xml]]>
            </message>
            <full-stacktrace>
              <![CDATA[org.testng.TestNGException: 
Parameter 'browser' is required by BeforeTest on method openBrowser but has not been marked @Optional or defined
in C:\Users\yadav\AppData\Local\Temp\testng-eclipse-1063517841\testng-customsuite.xml
at org.testng.internal.Parameters.createParams(Parameters.java:270)
at org.testng.internal.Parameters.createParametersForMethod(Parameters.java:358)
at org.testng.internal.Parameters.createParameters(Parameters.java:700)
at org.testng.internal.Parameters.createConfigurationParameters(Parameters.java:168)
at org.testng.internal.ConfigInvoker.invokeConfigurations(ConfigInvoker.java:302)
at org.testng.TestRunner.invokeTestConfigurations(TestRunner.java:637)
at org.testng.TestRunner.beforeRun(TestRunner.java:627)
at org.testng.TestRunner.run(TestRunner.java:589)
at org.testng.SuiteRunner.runTest(SuiteRunner.java:377)
at org.testng.SuiteRunner.runSequentially(SuiteRunner.java:371)
at org.testng.SuiteRunner.privateRun(SuiteRunner.java:332)
at org.testng.SuiteRunner.run(SuiteRunner.java:276)
at org.testng.SuiteRunnerWorker.runSuite(SuiteRunnerWorker.java:53)
at org.testng.SuiteRunnerWorker.run(SuiteRunnerWorker.java:96)
at org.testng.TestNG.runSuitesSequentially(TestNG.java:1212)
at org.testng.TestNG.runSuitesLocally(TestNG.java:1134)
at org.testng.TestNG.runSuites(TestNG.java:1063)
at org.testng.TestNG.run(TestNG.java:1031)
at org.testng.remote.AbstractRemoteTestNG.run(AbstractRemoteTestNG.java:115)
at org.testng.remote.RemoteTestNG.initAndRun(RemoteTestNG.java:251)
at org.testng.remote.RemoteTestNG.main(RemoteTestNG.java:77)
]]>
            </full-stacktrace>
          </exception> <!-- org.testng.TestNGException -->
          <reporter-output>
          </reporter-output>
        </test-method> <!-- openBrowser -->
        <test-method is-config="true" signature="createPOMObjects()[pri:0, instance:GPPTest.VerifyHeaderLinks@5c30a9b0]" started-at="2022-10-17T18:29:41 IST" name="createPOMObjects" finished-at="1970-01-01T05:30:00 IST" duration-ms="-1666011581414" status="SKIP">
          <reporter-output>
          </reporter-output>
        </test-method> <!-- createPOMObjects -->
        <test-method is-config="true" signature="loginToAppliction()[pri:0, instance:GPPTest.VerifyHeaderLinks@5c30a9b0]" started-at="2022-10-17T18:29:41 IST" name="loginToAppliction" finished-at="1970-01-01T05:30:00 IST" duration-ms="-1666011581436" status="SKIP">
          <reporter-output>
          </reporter-output>
        </test-method> <!-- loginToAppliction -->
        <test-method signature="test2()[pri:0, instance:GPPTest.VerifyHeaderLinks@5c30a9b0]" started-at="2022-10-17T18:29:41 IST" name="test2" finished-at="2022-10-17T18:29:41 IST" duration-ms="0" status="SKIP">
          <exception class="org.testng.TestNGException">
            <message>
              <![CDATA[
Parameter 'browser' is required by BeforeTest on method openBrowser but has not been marked @Optional or defined
in C:\Users\yadav\AppData\Local\Temp\testng-eclipse-1063517841\testng-customsuite.xml]]>
            </message>
            <full-stacktrace>
              <![CDATA[org.testng.TestNGException: 
Parameter 'browser' is required by BeforeTest on method openBrowser but has not been marked @Optional or defined
in C:\Users\yadav\AppData\Local\Temp\testng-eclipse-1063517841\testng-customsuite.xml
at org.testng.internal.Parameters.createParams(Parameters.java:270)
at org.testng.internal.Parameters.createParametersForMethod(Parameters.java:358)
at org.testng.internal.Parameters.createParameters(Parameters.java:700)
at org.testng.internal.Parameters.createConfigurationParameters(Parameters.java:168)
at org.testng.internal.ConfigInvoker.invokeConfigurations(ConfigInvoker.java:302)
at org.testng.TestRunner.invokeTestConfigurations(TestRunner.java:637)
at org.testng.TestRunner.beforeRun(TestRunner.java:627)
at org.testng.TestRunner.run(TestRunner.java:589)
at org.testng.SuiteRunner.runTest(SuiteRunner.java:377)
at org.testng.SuiteRunner.runSequentially(SuiteRunner.java:371)
at org.testng.SuiteRunner.privateRun(SuiteRunner.java:332)
at org.testng.SuiteRunner.run(SuiteRunner.java:276)
at org.testng.SuiteRunnerWorker.runSuite(SuiteRunnerWorker.java:53)
at org.testng.SuiteRunnerWorker.run(SuiteRunnerWorker.java:96)
at org.testng.TestNG.runSuitesSequentially(TestNG.java:1212)
at org.testng.TestNG.runSuitesLocally(TestNG.java:1134)
at org.testng.TestNG.runSuites(TestNG.java:1063)
at org.testng.TestNG.run(TestNG.java:1031)
at org.testng.remote.AbstractRemoteTestNG.run(AbstractRemoteTestNG.java:115)
at org.testng.remote.RemoteTestNG.initAndRun(RemoteTestNG.java:251)
at org.testng.remote.RemoteTestNG.main(RemoteTestNG.java:77)
]]>
            </full-stacktrace>
          </exception> <!-- org.testng.TestNGException -->
          <reporter-output>
          </reporter-output>
        </test-method> <!-- test2 -->
        <test-method is-config="true" signature="afterMethod(org.testng.ITestResult)[pri:0, instance:GPPTest.VerifyHeaderLinks@5c30a9b0]" started-at="2022-10-17T18:29:41 IST" name="afterMethod" finished-at="1970-01-01T05:30:00 IST" duration-ms="-1666011581446" status="SKIP">
          <reporter-output>
          </reporter-output>
        </test-method> <!-- afterMethod -->
        <test-method is-config="true" signature="clearPOMObjects()[pri:0, instance:GPPTest.VerifyHeaderLinks@5c30a9b0]" started-at="2022-10-17T18:29:41 IST" name="clearPOMObjects" finished-at="1970-01-01T05:30:00 IST" duration-ms="-1666011581450" status="SKIP">
          <reporter-output>
          </reporter-output>
        </test-method> <!-- clearPOMObjects -->
        <test-method is-config="true" signature="afterClass()[pri:0, instance:GPPTest.VerifyHeaderLinks@5c30a9b0]" started-at="2022-10-17T18:29:41 IST" name="afterClass" finished-at="1970-01-01T05:30:00 IST" duration-ms="-1666011581453" status="SKIP">
          <reporter-output>
          </reporter-output>
        </test-method> <!-- afterClass -->
      </class> <!-- GPPTest.VerifyHeaderLinks -->
    </test> <!-- Default test -->
  </suite> <!-- Default suite -->
</testng-results>
